


ARM Macro Assembler    Page 1 


    1 00000000         ;******************** (C) COPYRIGHT 2011 STMicroelectron
                       ics ********************
    2 00000000         ;* File Name          : startup_stm32f10x_cl.s
    3 00000000         ;* Author             : MCD Application Team
    4 00000000         ;* Version            : V3.5.0
    5 00000000         ;* Date               : 11-March-2011
    6 00000000         ;* Description        : STM32F10x Connectivity line devi
                       ces vector table for MDK-ARM 
    7 00000000         ;*                      toolchain. 
    8 00000000         ;*                      This module performs:
    9 00000000         ;*                      - Set the initial SP
   10 00000000         ;*                      - Set the initial PC == Reset_Ha
                       ndler
   11 00000000         ;*                      - Set the vector table entries w
                       ith the exceptions ISR address
   12 00000000         ;*                      - Configure the clock system
   13 00000000         ;*                      - Branches to __main in the C li
                       brary (which eventually
   14 00000000         ;*                        calls main()).
   15 00000000         ;*                      After Reset the CortexM3 process
                       or is in Thread mode,
   16 00000000         ;*                      priority is Privileged, and the 
                       Stack is set to Main.
   17 00000000         ;* <<< Use Configuration Wizard in Context Menu >>>   
   18 00000000         ;*******************************************************
                       ************************
   19 00000000         ; THE PRESENT FIRMWARE WHICH IS FOR GUIDANCE ONLY AIMS A
                       T PROVIDING CUSTOMERS
   20 00000000         ; WITH CODING INFORMATION REGARDING THEIR PRODUCTS IN OR
                       DER FOR THEM TO SAVE TIME.
   21 00000000         ; AS A RESULT, STMICROELECTRONICS SHALL NOT BE HELD LIAB
                       LE FOR ANY DIRECT,
   22 00000000         ; INDIRECT OR CONSEQUENTIAL DAMAGES WITH RESPECT TO ANY 
                       CLAIMS ARISING FROM THE
   23 00000000         ; CONTENT OF SUCH FIRMWARE AND/OR THE USE MADE BY CUSTOM
                       ERS OF THE CODING
   24 00000000         ; INFORMATION CONTAINED HEREIN IN CONNECTION WITH THEIR 
                       PRODUCTS.
   25 00000000         ;*******************************************************
                       ************************
   26 00000000         
   27 00000000         ; Amount of memory (in bytes) allocated for Stack
   28 00000000         ; Tailor this value to your application needs
   29 00000000         ; <h> Stack Configuration
   30 00000000         ;   <o> Stack Size (in Bytes) <0x0-0xFFFFFFFF:8>
   31 00000000         ; </h>
   32 00000000         
   33 00000000 00000400 
                       Stack_Size
                               EQU              0x00000400
   34 00000000         
   35 00000000                 AREA             STACK, NOINIT, READWRITE, ALIGN
=3
   36 00000000         Stack_Mem
                               SPACE            Stack_Size
   37 00000400         __initial_sp
   38 00000400         
   39 00000400         
   40 00000400         ; <h> Heap Configuration



ARM Macro Assembler    Page 2 


   41 00000400         ;   <o>  Heap Size (in Bytes) <0x0-0xFFFFFFFF:8>
   42 00000400         ; </h>
   43 00000400         
   44 00000400 00000200 
                       Heap_Size
                               EQU              0x00000200
   45 00000400         
   46 00000400                 AREA             HEAP, NOINIT, READWRITE, ALIGN=
3
   47 00000000         __heap_base
   48 00000000         Heap_Mem
                               SPACE            Heap_Size
   49 00000200         __heap_limit
   50 00000200         
   51 00000200                 PRESERVE8
   52 00000200                 THUMB
   53 00000200         
   54 00000200         
   55 00000200         ; Vector Table Mapped to Address 0 at Reset
   56 00000200                 AREA             RESET, DATA, READONLY
   57 00000000                 EXPORT           __Vectors
   58 00000000                 EXPORT           __Vectors_End
   59 00000000                 EXPORT           __Vectors_Size
   60 00000000         
   61 00000000 00000000 
                       __Vectors
                               DCD              __initial_sp ;  0, Top of Stack
                                                            
   62 00000004 00000000        DCD              Reset_Handler 
                                                            ;  1, Reset Handler
                                                            
   63 00000008 00000000        DCD              NMI_Handler ;  2, NMI Handler
   64 0000000C 00000000        DCD              HardFault_Handler ;  3, Hard Fa
                                                            ult Handler
   65 00000010 00000000        DCD              MemManage_Handler ;  4, MPU Fau
                                                            lt Handler
   66 00000014 00000000        DCD              BusFault_Handler ;  5, Bus Faul
                                                            t Handler
   67 00000018 00000000        DCD              UsageFault_Handler ;  6, Usage 
                                                            Fault Handler
   68 0000001C 00000000        DCD              0           ;  7, Reserved
   69 00000020 00000000        DCD              0           ;  8, Reserved
   70 00000024 00000000        DCD              0           ;  9, Reserved
   71 00000028 00000000        DCD              0           ; 10, Reserved
   72 0000002C 00000000        DCD              SVC_Handler ; 11, SVCall Handle
                                                            r
   73 00000030 00000000        DCD              DebugMon_Handler ; 12, Debug Mo
                                                            nitor Handler
   74 00000034 00000000        DCD              0           ; 13, Reserved
   75 00000038 00000000        DCD              PendSV_Handler ; 14, PendSV Han
                                                            dler
   76 0000003C 00000000        DCD              SysTick_Handler ; 15, SysTick H
                                                            andler
   77 00000040         
   78 00000040         ; External Interrupts
   79 00000040 00000000        DCD              WWDG_IRQHandler ; 16, Window Wa
                                                            tchdog
   80 00000044 00000000        DCD              PVD_IRQHandler ; 17, PVD throug
                                                            h EXTI Line detect



ARM Macro Assembler    Page 3 


   81 00000048 00000000        DCD              TAMPER_IRQHandler ; 18, Tamper
   82 0000004C 00000000        DCD              RTC_IRQHandler ; 19, RTC
   83 00000050 00000000        DCD              FLASH_IRQHandler ; 20, Flash
   84 00000054 00000000        DCD              RCC_IRQHandler ; 21, RCC
   85 00000058 00000000        DCD              EXTI0_IRQHandler 
                                                            ; 22, EXTI Line 0
   86 0000005C 00000000        DCD              EXTI1_IRQHandler 
                                                            ; 23, EXTI Line 1
   87 00000060 00000000        DCD              EXTI2_IRQHandler 
                                                            ; 24, EXTI Line 2
   88 00000064 00000000        DCD              EXTI3_IRQHandler 
                                                            ; 25, EXTI Line 3
   89 00000068 00000000        DCD              EXTI4_IRQHandler 
                                                            ; 26, EXTI Line 4
   90 0000006C 00000000        DCD              DMA1_Channel1_IRQHandler ; 27, 
                                                            DMA1 Channel 1
   91 00000070 00000000        DCD              DMA1_Channel2_IRQHandler ; 28, 
                                                            DMA1 Channel 2
   92 00000074 00000000        DCD              DMA1_Channel3_IRQHandler ; 29, 
                                                            DMA1 Channel 3
   93 00000078 00000000        DCD              DMA1_Channel4_IRQHandler ; 30, 
                                                            DMA1 Channel 4
   94 0000007C 00000000        DCD              DMA1_Channel5_IRQHandler ; 31, 
                                                            DMA1 Channel 5
   95 00000080 00000000        DCD              DMA1_Channel6_IRQHandler ; 32, 
                                                            DMA1 Channel 6
   96 00000084 00000000        DCD              DMA1_Channel7_IRQHandler ; 33, 
                                                            DMA1 Channel 7
   97 00000088 00000000        DCD              ADC1_2_IRQHandler 
                                                            ; 34, ADC1 and ADC2
                                                            
   98 0000008C 00000000        DCD              CAN1_TX_IRQHandler 
                                                            ; 35, CAN1 TX
   99 00000090 00000000        DCD              CAN1_RX0_IRQHandler 
                                                            ; 36, CAN1 RX0
  100 00000094 00000000        DCD              CAN1_RX1_IRQHandler 
                                                            ; 37, CAN1 RX1
  101 00000098 00000000        DCD              CAN1_SCE_IRQHandler 
                                                            ; 38, CAN1 SCE
  102 0000009C 00000000        DCD              EXTI9_5_IRQHandler ; 39, EXTI L
                                                            ine 9..5
  103 000000A0 00000000        DCD              TIM1_BRK_IRQHandler 
                                                            ; 40, TIM1 Break
  104 000000A4 00000000        DCD              TIM1_UP_IRQHandler 
                                                            ; 41, TIM1 Update
  105 000000A8 00000000        DCD              TIM1_TRG_COM_IRQHandler ; 42, T
                                                            IM1 Trigger and Com
                                                            mutation
  106 000000AC 00000000        DCD              TIM1_CC_IRQHandler ; 43, TIM1 C
                                                            apture Compare
  107 000000B0 00000000        DCD              TIM2_IRQHandler ; 44, TIM2
  108 000000B4 00000000        DCD              TIM3_IRQHandler ; 45, TIM3
  109 000000B8 00000000        DCD              TIM4_IRQHandler ; 46, TIM4
  110 000000BC 00000000        DCD              I2C1_EV_IRQHandler 
                                                            ; 47, I2C1 Event
  111 000000C0 00000000        DCD              I2C1_ER_IRQHandler 
                                                            ; 48, I2C1 Error
  112 000000C4 00000000        DCD              I2C2_EV_IRQHandler 
                                                            ; 49, I2C2 Event



ARM Macro Assembler    Page 4 


  113 000000C8 00000000        DCD              I2C2_ER_IRQHandler 
                                                            ; 50, I2C1 Error
  114 000000CC 00000000        DCD              SPI1_IRQHandler ; 51, SPI1
  115 000000D0 00000000        DCD              SPI2_IRQHandler ; 52, SPI2
  116 000000D4 00000000        DCD              USART1_IRQHandler ; 53, USART1
  117 000000D8 00000000        DCD              USART2_IRQHandler ; 54, USART2
  118 000000DC 00000000        DCD              USART3_IRQHandler ; 55, USART3
  119 000000E0 00000000        DCD              EXTI15_10_IRQHandler ; 56, EXTI
                                                             Line 15..10
  120 000000E4 00000000        DCD              RTCAlarm_IRQHandler ; 57, RTC a
                                                            larm through EXTI l
                                                            ine
  121 000000E8 00000000        DCD              OTG_FS_WKUP_IRQHandler ; 58, US
                                                            B OTG FS Wakeup thr
                                                            ough EXTI line
  122 000000EC 00000000        DCD              0           ; 59, Reserved
  123 000000F0 00000000        DCD              0           ; 60, Reserved
  124 000000F4 00000000        DCD              0           ; 61, Reserved
  125 000000F8 00000000        DCD              0           ; 62, Reserved
  126 000000FC 00000000        DCD              0           ; 63, Reserved
  127 00000100 00000000        DCD              0           ; 64, Reserved
  128 00000104 00000000        DCD              0           ; 65, Reserved
  129 00000108 00000000        DCD              TIM5_IRQHandler ; 66, TIM5
  130 0000010C 00000000        DCD              SPI3_IRQHandler ; 67, SPI3
  131 00000110 00000000        DCD              UART4_IRQHandler ; 68, UART4
  132 00000114 00000000        DCD              UART5_IRQHandler ; 69, UART5
  133 00000118 00000000        DCD              TIM6_IRQHandler ; 70, TIM6
  134 0000011C 00000000        DCD              TIM7_IRQHandler ; 71, TIM7
  135 00000120 00000000        DCD              DMA2_Channel1_IRQHandler 
                                                            ; 72, DMA2 Channel1
                                                            
  136 00000124 00000000        DCD              DMA2_Channel2_IRQHandler 
                                                            ; 73, DMA2 Channel2
                                                            
  137 00000128 00000000        DCD              DMA2_Channel3_IRQHandler 
                                                            ; 74, DMA2 Channel3
                                                            
  138 0000012C 00000000        DCD              DMA2_Channel4_IRQHandler 
                                                            ; 75, DMA2 Channel4
                                                            
  139 00000130 00000000        DCD              DMA2_Channel5_IRQHandler 
                                                            ; 76, DMA2 Channel5
                                                            
  140 00000134 00000000        DCD              ETH_IRQHandler ; 77, Ethernet
  141 00000138 00000000        DCD              ETH_WKUP_IRQHandler ; 78, Ether
                                                            net Wakeup through 
                                                            EXTI line
  142 0000013C 00000000        DCD              CAN2_TX_IRQHandler 
                                                            ; 79, CAN2 TX
  143 00000140 00000000        DCD              CAN2_RX0_IRQHandler 
                                                            ; 80, CAN2 RX0
  144 00000144 00000000        DCD              CAN2_RX1_IRQHandler 
                                                            ; 81, CAN2 RX1
  145 00000148 00000000        DCD              CAN2_SCE_IRQHandler 
                                                            ; 82, CAN2 SCE
  146 0000014C 00000000        DCD              OTG_FS_IRQHandler 
                                                            ; 83, USB OTG FS
  147 00000150 00000000        DCD              0           ; 84, CRC Length   
                                                                        



ARM Macro Assembler    Page 5 


  148 00000154 00000000        DCD              0           ; 85, CRC Value.   
                                                                        
  149 00000158 00000000        DCD              0           ; 86, Reserved.    
                                                                       
  150 0000015C 86ABCDEF        DCD              0x86abcdef  ; 87, Reserved.    
                                                                       
  151 00000160 77616C74        DCD              0x77616C74  ; 88, for App, 0x77
                                                            616C74,'walt'  
  152 00000164         
  153 00000164         ;; WORK: please check soft version before release, by wa
                       lnutcy 2013.01.07
  154 00000164 00000102        DCD              0x00000102  ; 89, °æ±¾ºÅ£¬16½øÖ
                                                            Æ£¬Èç°æ±¾ÊÇv1.0.2.6
                                                            6,ÉèÎª0x01000266
  155 00000168 0E620200        DCD              0x0E620200  ; 90, ºÏ·¨¹Ì¼þ±êÊ¾ 
                                                            
  156 0000016C 000976A8        DCD              620200      ; 91, Éè±¸ÐÍºÅ  
  157 00000170 00000015        DCD              21          ; 92, Äê·ÝXX(Äê + 8
                                                            £¬Èç£º13Äê+8=21)£¬
  158 00000174 0000000C        DCD              12          ; 93, ÅúºÅXX,Èç£º12
                                                             
  159 00000178 0001869F        DCD              99999       ; 94, Éú²úÁ÷Ë®ºÅXXX
                                                            XX,Èç£º99999
  160 0000017C 00000000        DCD              0x00000000  ; 95, Reserved
  161 00000180         __Vectors_End
  162 00000180         
  163 00000180 00000180 
                       __Vectors_Size
                               EQU              __Vectors_End - __Vectors
  164 00000180         
  165 00000180                 AREA             |.text|, CODE, READONLY
  166 00000000         
  167 00000000         ; Reset handler
  168 00000000         Reset_Handler
                               PROC
  169 00000000                 EXPORT           Reset_Handler             [WEAK
]
  170 00000000                 IMPORT           SystemInit
  171 00000000                 IMPORT           __main
  172 00000000 4809            LDR              R0, =SystemInit
  173 00000002 4780            BLX              R0
  174 00000004 4809            LDR              R0, =__main
  175 00000006 4700            BX               R0
  176 00000008                 ENDP
  177 00000008         
  178 00000008         ; Dummy Exception Handlers (infinite loops which can be 
                       modified)
  179 00000008         
  180 00000008         NMI_Handler
                               PROC
  181 00000008                 EXPORT           NMI_Handler                [WEA
K]
  182 00000008 E7FE            B                .
  183 0000000A                 ENDP
  185 0000000A         HardFault_Handler
                               PROC
  186 0000000A                 EXPORT           HardFault_Handler          [WEA
K]
  187 0000000A E7FE            B                .



ARM Macro Assembler    Page 6 


  188 0000000C                 ENDP
  190 0000000C         MemManage_Handler
                               PROC
  191 0000000C                 EXPORT           MemManage_Handler          [WEA
K]
  192 0000000C E7FE            B                .
  193 0000000E                 ENDP
  195 0000000E         BusFault_Handler
                               PROC
  196 0000000E                 EXPORT           BusFault_Handler           [WEA
K]
  197 0000000E E7FE            B                .
  198 00000010                 ENDP
  200 00000010         UsageFault_Handler
                               PROC
  201 00000010                 EXPORT           UsageFault_Handler         [WEA
K]
  202 00000010 E7FE            B                .
  203 00000012                 ENDP
  204 00000012         SVC_Handler
                               PROC
  205 00000012                 EXPORT           SVC_Handler                [WEA
K]
  206 00000012 E7FE            B                .
  207 00000014                 ENDP
  209 00000014         DebugMon_Handler
                               PROC
  210 00000014                 EXPORT           DebugMon_Handler           [WEA
K]
  211 00000014 E7FE            B                .
  212 00000016                 ENDP
  213 00000016         PendSV_Handler
                               PROC
  214 00000016                 EXPORT           PendSV_Handler             [WEA
K]
  215 00000016 E7FE            B                .
  216 00000018                 ENDP
  217 00000018         SysTick_Handler
                               PROC
  218 00000018                 EXPORT           SysTick_Handler            [WEA
K]
  219 00000018 E7FE            B                .
  220 0000001A                 ENDP
  221 0000001A         
  222 0000001A         Default_Handler
                               PROC
  223 0000001A         
  224 0000001A                 EXPORT           WWDG_IRQHandler            [WEA
K]
  225 0000001A                 EXPORT           PVD_IRQHandler             [WEA
K]
  226 0000001A                 EXPORT           TAMPER_IRQHandler          [WEA
K]
  227 0000001A                 EXPORT           RTC_IRQHandler             [WEA
K]
  228 0000001A                 EXPORT           FLASH_IRQHandler           [WEA
K]
  229 0000001A                 EXPORT           RCC_IRQHandler             [WEA
K]



ARM Macro Assembler    Page 7 


  230 0000001A                 EXPORT           EXTI0_IRQHandler           [WEA
K]
  231 0000001A                 EXPORT           EXTI1_IRQHandler           [WEA
K]
  232 0000001A                 EXPORT           EXTI2_IRQHandler           [WEA
K]
  233 0000001A                 EXPORT           EXTI3_IRQHandler           [WEA
K]
  234 0000001A                 EXPORT           EXTI4_IRQHandler           [WEA
K]
  235 0000001A                 EXPORT           DMA1_Channel1_IRQHandler   [WEA
K]
  236 0000001A                 EXPORT           DMA1_Channel2_IRQHandler   [WEA
K]
  237 0000001A                 EXPORT           DMA1_Channel3_IRQHandler   [WEA
K]
  238 0000001A                 EXPORT           DMA1_Channel4_IRQHandler   [WEA
K]
  239 0000001A                 EXPORT           DMA1_Channel5_IRQHandler   [WEA
K]
  240 0000001A                 EXPORT           DMA1_Channel6_IRQHandler   [WEA
K]
  241 0000001A                 EXPORT           DMA1_Channel7_IRQHandler   [WEA
K]
  242 0000001A                 EXPORT           ADC1_2_IRQHandler          [WEA
K]
  243 0000001A                 EXPORT           CAN1_TX_IRQHandler         [WEA
K]
  244 0000001A                 EXPORT           CAN1_RX0_IRQHandler        [WEA
K]
  245 0000001A                 EXPORT           CAN1_RX1_IRQHandler        [WEA
K]
  246 0000001A                 EXPORT           CAN1_SCE_IRQHandler        [WEA
K]
  247 0000001A                 EXPORT           EXTI9_5_IRQHandler         [WEA
K]
  248 0000001A                 EXPORT           TIM1_BRK_IRQHandler        [WEA
K]
  249 0000001A                 EXPORT           TIM1_UP_IRQHandler         [WEA
K]
  250 0000001A                 EXPORT           TIM1_TRG_COM_IRQHandler    [WEA
K]
  251 0000001A                 EXPORT           TIM1_CC_IRQHandler         [WEA
K]
  252 0000001A                 EXPORT           TIM2_IRQHandler            [WEA
K]
  253 0000001A                 EXPORT           TIM3_IRQHandler            [WEA
K]
  254 0000001A                 EXPORT           TIM4_IRQHandler            [WEA
K]
  255 0000001A                 EXPORT           I2C1_EV_IRQHandler         [WEA
K]
  256 0000001A                 EXPORT           I2C1_ER_IRQHandler         [WEA
K]
  257 0000001A                 EXPORT           I2C2_EV_IRQHandler         [WEA
K]
  258 0000001A                 EXPORT           I2C2_ER_IRQHandler         [WEA
K]
  259 0000001A                 EXPORT           SPI1_IRQHandler            [WEA



ARM Macro Assembler    Page 8 


K]
  260 0000001A                 EXPORT           SPI2_IRQHandler            [WEA
K]
  261 0000001A                 EXPORT           USART1_IRQHandler          [WEA
K]
  262 0000001A                 EXPORT           USART2_IRQHandler          [WEA
K]
  263 0000001A                 EXPORT           USART3_IRQHandler          [WEA
K]
  264 0000001A                 EXPORT           EXTI15_10_IRQHandler       [WEA
K]
  265 0000001A                 EXPORT           RTCAlarm_IRQHandler        [WEA
K]
  266 0000001A                 EXPORT           OTG_FS_WKUP_IRQHandler     [WEA
K]
  267 0000001A                 EXPORT           TIM5_IRQHandler            [WEA
K]
  268 0000001A                 EXPORT           SPI3_IRQHandler            [WEA
K]
  269 0000001A                 EXPORT           UART4_IRQHandler           [WEA
K]
  270 0000001A                 EXPORT           UART5_IRQHandler           [WEA
K]
  271 0000001A                 EXPORT           TIM6_IRQHandler            [WEA
K]
  272 0000001A                 EXPORT           TIM7_IRQHandler            [WEA
K]
  273 0000001A                 EXPORT           DMA2_Channel1_IRQHandler   [WEA
K]
  274 0000001A                 EXPORT           DMA2_Channel2_IRQHandler   [WEA
K]
  275 0000001A                 EXPORT           DMA2_Channel3_IRQHandler   [WEA
K]
  276 0000001A                 EXPORT           DMA2_Channel4_IRQHandler   [WEA
K]
  277 0000001A                 EXPORT           DMA2_Channel5_IRQHandler   [WEA
K]
  278 0000001A                 EXPORT           ETH_IRQHandler             [WEA
K]
  279 0000001A                 EXPORT           ETH_WKUP_IRQHandler        [WEA
K]
  280 0000001A                 EXPORT           CAN2_TX_IRQHandler         [WEA
K]
  281 0000001A                 EXPORT           CAN2_RX0_IRQHandler        [WEA
K]
  282 0000001A                 EXPORT           CAN2_RX1_IRQHandler        [WEA
K]
  283 0000001A                 EXPORT           CAN2_SCE_IRQHandler        [WEA
K]
  284 0000001A                 EXPORT           OTG_FS_IRQHandler          [WEA
K]
  285 0000001A         
  286 0000001A         WWDG_IRQHandler
  287 0000001A         PVD_IRQHandler
  288 0000001A         TAMPER_IRQHandler
  289 0000001A         RTC_IRQHandler
  290 0000001A         FLASH_IRQHandler
  291 0000001A         RCC_IRQHandler
  292 0000001A         EXTI0_IRQHandler



ARM Macro Assembler    Page 9 


  293 0000001A         EXTI1_IRQHandler
  294 0000001A         EXTI2_IRQHandler
  295 0000001A         EXTI3_IRQHandler
  296 0000001A         EXTI4_IRQHandler
  297 0000001A         DMA1_Channel1_IRQHandler
  298 0000001A         DMA1_Channel2_IRQHandler
  299 0000001A         DMA1_Channel3_IRQHandler
  300 0000001A         DMA1_Channel4_IRQHandler
  301 0000001A         DMA1_Channel5_IRQHandler
  302 0000001A         DMA1_Channel6_IRQHandler
  303 0000001A         DMA1_Channel7_IRQHandler
  304 0000001A         ADC1_2_IRQHandler
  305 0000001A         CAN1_TX_IRQHandler
  306 0000001A         CAN1_RX0_IRQHandler
  307 0000001A         CAN1_RX1_IRQHandler
  308 0000001A         CAN1_SCE_IRQHandler
  309 0000001A         EXTI9_5_IRQHandler
  310 0000001A         TIM1_BRK_IRQHandler
  311 0000001A         TIM1_UP_IRQHandler
  312 0000001A         TIM1_TRG_COM_IRQHandler
  313 0000001A         TIM1_CC_IRQHandler
  314 0000001A         TIM2_IRQHandler
  315 0000001A         TIM3_IRQHandler
  316 0000001A         TIM4_IRQHandler
  317 0000001A         I2C1_EV_IRQHandler
  318 0000001A         I2C1_ER_IRQHandler
  319 0000001A         I2C2_EV_IRQHandler
  320 0000001A         I2C2_ER_IRQHandler
  321 0000001A         SPI1_IRQHandler
  322 0000001A         SPI2_IRQHandler
  323 0000001A         USART1_IRQHandler
  324 0000001A         USART2_IRQHandler
  325 0000001A         USART3_IRQHandler
  326 0000001A         EXTI15_10_IRQHandler
  327 0000001A         RTCAlarm_IRQHandler
  328 0000001A         OTG_FS_WKUP_IRQHandler
  329 0000001A         TIM5_IRQHandler
  330 0000001A         SPI3_IRQHandler
  331 0000001A         UART4_IRQHandler
  332 0000001A         UART5_IRQHandler
  333 0000001A         TIM6_IRQHandler
  334 0000001A         TIM7_IRQHandler
  335 0000001A         DMA2_Channel1_IRQHandler
  336 0000001A         DMA2_Channel2_IRQHandler
  337 0000001A         DMA2_Channel3_IRQHandler
  338 0000001A         DMA2_Channel4_IRQHandler
  339 0000001A         DMA2_Channel5_IRQHandler
  340 0000001A         ETH_IRQHandler
  341 0000001A         ETH_WKUP_IRQHandler
  342 0000001A         CAN2_TX_IRQHandler
  343 0000001A         CAN2_RX0_IRQHandler
  344 0000001A         CAN2_RX1_IRQHandler
  345 0000001A         CAN2_SCE_IRQHandler
  346 0000001A         OTG_FS_IRQHandler
  347 0000001A         
  348 0000001A E7FE            B                .
  349 0000001C         
  350 0000001C                 ENDP
  351 0000001C         



ARM Macro Assembler    Page 10 


  352 0000001C                 ALIGN
  353 0000001C         
  354 0000001C         ;*******************************************************
                       ************************
  355 0000001C         ; User Stack and Heap initialization
  356 0000001C         ;*******************************************************
                       ************************
  357 0000001C                 IF               :DEF:__MICROLIB
  364 0000001C         
  365 0000001C                 IMPORT           __use_two_region_memory
  366 0000001C                 EXPORT           __user_initial_stackheap
  367 0000001C         
  368 0000001C         __user_initial_stackheap
  369 0000001C         
  370 0000001C 4804            LDR              R0, =  Heap_Mem
  371 0000001E 4905            LDR              R1, =(Stack_Mem + Stack_Size)
  372 00000020 4A05            LDR              R2, = (Heap_Mem +  Heap_Size)
  373 00000022 4B06            LDR              R3, = Stack_Mem
  374 00000024 4770            BX               LR
  375 00000026         
  376 00000026 00 00           ALIGN
  377 00000028         
  378 00000028                 ENDIF
  379 00000028         
  380 00000028                 END
              00000000 
              00000000 
              00000000 
              00000400 
              00000200 
              00000000 
Command Line: --debug --xref --cpu=Cortex-M3 --apcs=interwork --depend=.\obj\st
artup_stm32f10x_cl.d -o.\obj\startup_stm32f10x_cl.o -IC:\Keil\ARM\RV31\INC -IC:
\Keil\ARM\CMSIS\Include -IC:\Keil\ARM\Inc\ST\STM32F10x --predefine="__EVAL SETA
 1" --list=.\list\startup_stm32f10x_cl.lst startup_stm32f10x_cl.s



ARM Macro Assembler    Page 1 Alphabetic symbol ordering
Relocatable symbols

STACK 00000000

Symbol: STACK
   Definitions
      At line 35 in file startup_stm32f10x_cl.s
   Uses
      None
Comment: STACK unused
Stack_Mem 00000000

Symbol: Stack_Mem
   Definitions
      At line 36 in file startup_stm32f10x_cl.s
   Uses
      At line 371 in file startup_stm32f10x_cl.s
      At line 373 in file startup_stm32f10x_cl.s

__initial_sp 00000400

Symbol: __initial_sp
   Definitions
      At line 37 in file startup_stm32f10x_cl.s
   Uses
      At line 61 in file startup_stm32f10x_cl.s
Comment: __initial_sp used once
3 symbols



ARM Macro Assembler    Page 1 Alphabetic symbol ordering
Relocatable symbols

HEAP 00000000

Symbol: HEAP
   Definitions
      At line 46 in file startup_stm32f10x_cl.s
   Uses
      None
Comment: HEAP unused
Heap_Mem 00000000

Symbol: Heap_Mem
   Definitions
      At line 48 in file startup_stm32f10x_cl.s
   Uses
      At line 370 in file startup_stm32f10x_cl.s
      At line 372 in file startup_stm32f10x_cl.s

__heap_base 00000000

Symbol: __heap_base
   Definitions
      At line 47 in file startup_stm32f10x_cl.s
   Uses
      None
Comment: __heap_base unused
__heap_limit 00000200

Symbol: __heap_limit
   Definitions
      At line 49 in file startup_stm32f10x_cl.s
   Uses
      None
Comment: __heap_limit unused
4 symbols



ARM Macro Assembler    Page 1 Alphabetic symbol ordering
Relocatable symbols

RESET 00000000

Symbol: RESET
   Definitions
      At line 56 in file startup_stm32f10x_cl.s
   Uses
      None
Comment: RESET unused
__Vectors 00000000

Symbol: __Vectors
   Definitions
      At line 61 in file startup_stm32f10x_cl.s
   Uses
      At line 57 in file startup_stm32f10x_cl.s
      At line 163 in file startup_stm32f10x_cl.s

__Vectors_End 00000180

Symbol: __Vectors_End
   Definitions
      At line 161 in file startup_stm32f10x_cl.s
   Uses
      At line 58 in file startup_stm32f10x_cl.s
      At line 163 in file startup_stm32f10x_cl.s

3 symbols



ARM Macro Assembler    Page 1 Alphabetic symbol ordering
Relocatable symbols

.text 00000000

Symbol: .text
   Definitions
      At line 165 in file startup_stm32f10x_cl.s
   Uses
      None
Comment: .text unused
ADC1_2_IRQHandler 0000001A

Symbol: ADC1_2_IRQHandler
   Definitions
      At line 304 in file startup_stm32f10x_cl.s
   Uses
      At line 97 in file startup_stm32f10x_cl.s
      At line 242 in file startup_stm32f10x_cl.s

BusFault_Handler 0000000E

Symbol: BusFault_Handler
   Definitions
      At line 195 in file startup_stm32f10x_cl.s
   Uses
      At line 66 in file startup_stm32f10x_cl.s
      At line 196 in file startup_stm32f10x_cl.s

CAN1_RX0_IRQHandler 0000001A

Symbol: CAN1_RX0_IRQHandler
   Definitions
      At line 306 in file startup_stm32f10x_cl.s
   Uses
      At line 99 in file startup_stm32f10x_cl.s
      At line 244 in file startup_stm32f10x_cl.s

CAN1_RX1_IRQHandler 0000001A

Symbol: CAN1_RX1_IRQHandler
   Definitions
      At line 307 in file startup_stm32f10x_cl.s
   Uses
      At line 100 in file startup_stm32f10x_cl.s
      At line 245 in file startup_stm32f10x_cl.s

CAN1_SCE_IRQHandler 0000001A

Symbol: CAN1_SCE_IRQHandler
   Definitions
      At line 308 in file startup_stm32f10x_cl.s
   Uses
      At line 101 in file startup_stm32f10x_cl.s
      At line 246 in file startup_stm32f10x_cl.s

CAN1_TX_IRQHandler 0000001A

Symbol: CAN1_TX_IRQHandler
   Definitions
      At line 305 in file startup_stm32f10x_cl.s
   Uses



ARM Macro Assembler    Page 2 Alphabetic symbol ordering
Relocatable symbols

      At line 98 in file startup_stm32f10x_cl.s
      At line 243 in file startup_stm32f10x_cl.s

CAN2_RX0_IRQHandler 0000001A

Symbol: CAN2_RX0_IRQHandler
   Definitions
      At line 343 in file startup_stm32f10x_cl.s
   Uses
      At line 143 in file startup_stm32f10x_cl.s
      At line 281 in file startup_stm32f10x_cl.s

CAN2_RX1_IRQHandler 0000001A

Symbol: CAN2_RX1_IRQHandler
   Definitions
      At line 344 in file startup_stm32f10x_cl.s
   Uses
      At line 144 in file startup_stm32f10x_cl.s
      At line 282 in file startup_stm32f10x_cl.s

CAN2_SCE_IRQHandler 0000001A

Symbol: CAN2_SCE_IRQHandler
   Definitions
      At line 345 in file startup_stm32f10x_cl.s
   Uses
      At line 145 in file startup_stm32f10x_cl.s
      At line 283 in file startup_stm32f10x_cl.s

CAN2_TX_IRQHandler 0000001A

Symbol: CAN2_TX_IRQHandler
   Definitions
      At line 342 in file startup_stm32f10x_cl.s
   Uses
      At line 142 in file startup_stm32f10x_cl.s
      At line 280 in file startup_stm32f10x_cl.s

DMA1_Channel1_IRQHandler 0000001A

Symbol: DMA1_Channel1_IRQHandler
   Definitions
      At line 297 in file startup_stm32f10x_cl.s
   Uses
      At line 90 in file startup_stm32f10x_cl.s
      At line 235 in file startup_stm32f10x_cl.s

DMA1_Channel2_IRQHandler 0000001A

Symbol: DMA1_Channel2_IRQHandler
   Definitions
      At line 298 in file startup_stm32f10x_cl.s
   Uses
      At line 91 in file startup_stm32f10x_cl.s
      At line 236 in file startup_stm32f10x_cl.s

DMA1_Channel3_IRQHandler 0000001A




ARM Macro Assembler    Page 3 Alphabetic symbol ordering
Relocatable symbols

Symbol: DMA1_Channel3_IRQHandler
   Definitions
      At line 299 in file startup_stm32f10x_cl.s
   Uses
      At line 92 in file startup_stm32f10x_cl.s
      At line 237 in file startup_stm32f10x_cl.s

DMA1_Channel4_IRQHandler 0000001A

Symbol: DMA1_Channel4_IRQHandler
   Definitions
      At line 300 in file startup_stm32f10x_cl.s
   Uses
      At line 93 in file startup_stm32f10x_cl.s
      At line 238 in file startup_stm32f10x_cl.s

DMA1_Channel5_IRQHandler 0000001A

Symbol: DMA1_Channel5_IRQHandler
   Definitions
      At line 301 in file startup_stm32f10x_cl.s
   Uses
      At line 94 in file startup_stm32f10x_cl.s
      At line 239 in file startup_stm32f10x_cl.s

DMA1_Channel6_IRQHandler 0000001A

Symbol: DMA1_Channel6_IRQHandler
   Definitions
      At line 302 in file startup_stm32f10x_cl.s
   Uses
      At line 95 in file startup_stm32f10x_cl.s
      At line 240 in file startup_stm32f10x_cl.s

DMA1_Channel7_IRQHandler 0000001A

Symbol: DMA1_Channel7_IRQHandler
   Definitions
      At line 303 in file startup_stm32f10x_cl.s
   Uses
      At line 96 in file startup_stm32f10x_cl.s
      At line 241 in file startup_stm32f10x_cl.s

DMA2_Channel1_IRQHandler 0000001A

Symbol: DMA2_Channel1_IRQHandler
   Definitions
      At line 335 in file startup_stm32f10x_cl.s
   Uses
      At line 135 in file startup_stm32f10x_cl.s
      At line 273 in file startup_stm32f10x_cl.s

DMA2_Channel2_IRQHandler 0000001A

Symbol: DMA2_Channel2_IRQHandler
   Definitions
      At line 336 in file startup_stm32f10x_cl.s
   Uses
      At line 136 in file startup_stm32f10x_cl.s



ARM Macro Assembler    Page 4 Alphabetic symbol ordering
Relocatable symbols

      At line 274 in file startup_stm32f10x_cl.s

DMA2_Channel3_IRQHandler 0000001A

Symbol: DMA2_Channel3_IRQHandler
   Definitions
      At line 337 in file startup_stm32f10x_cl.s
   Uses
      At line 137 in file startup_stm32f10x_cl.s
      At line 275 in file startup_stm32f10x_cl.s

DMA2_Channel4_IRQHandler 0000001A

Symbol: DMA2_Channel4_IRQHandler
   Definitions
      At line 338 in file startup_stm32f10x_cl.s
   Uses
      At line 138 in file startup_stm32f10x_cl.s
      At line 276 in file startup_stm32f10x_cl.s

DMA2_Channel5_IRQHandler 0000001A

Symbol: DMA2_Channel5_IRQHandler
   Definitions
      At line 339 in file startup_stm32f10x_cl.s
   Uses
      At line 139 in file startup_stm32f10x_cl.s
      At line 277 in file startup_stm32f10x_cl.s

DebugMon_Handler 00000014

Symbol: DebugMon_Handler
   Definitions
      At line 209 in file startup_stm32f10x_cl.s
   Uses
      At line 73 in file startup_stm32f10x_cl.s
      At line 210 in file startup_stm32f10x_cl.s

Default_Handler 0000001A

Symbol: Default_Handler
   Definitions
      At line 222 in file startup_stm32f10x_cl.s
   Uses
      None
Comment: Default_Handler unused
ETH_IRQHandler 0000001A

Symbol: ETH_IRQHandler
   Definitions
      At line 340 in file startup_stm32f10x_cl.s
   Uses
      At line 140 in file startup_stm32f10x_cl.s
      At line 278 in file startup_stm32f10x_cl.s

ETH_WKUP_IRQHandler 0000001A

Symbol: ETH_WKUP_IRQHandler
   Definitions



ARM Macro Assembler    Page 5 Alphabetic symbol ordering
Relocatable symbols

      At line 341 in file startup_stm32f10x_cl.s
   Uses
      At line 141 in file startup_stm32f10x_cl.s
      At line 279 in file startup_stm32f10x_cl.s

EXTI0_IRQHandler 0000001A

Symbol: EXTI0_IRQHandler
   Definitions
      At line 292 in file startup_stm32f10x_cl.s
   Uses
      At line 85 in file startup_stm32f10x_cl.s
      At line 230 in file startup_stm32f10x_cl.s

EXTI15_10_IRQHandler 0000001A

Symbol: EXTI15_10_IRQHandler
   Definitions
      At line 326 in file startup_stm32f10x_cl.s
   Uses
      At line 119 in file startup_stm32f10x_cl.s
      At line 264 in file startup_stm32f10x_cl.s

EXTI1_IRQHandler 0000001A

Symbol: EXTI1_IRQHandler
   Definitions
      At line 293 in file startup_stm32f10x_cl.s
   Uses
      At line 86 in file startup_stm32f10x_cl.s
      At line 231 in file startup_stm32f10x_cl.s

EXTI2_IRQHandler 0000001A

Symbol: EXTI2_IRQHandler
   Definitions
      At line 294 in file startup_stm32f10x_cl.s
   Uses
      At line 87 in file startup_stm32f10x_cl.s
      At line 232 in file startup_stm32f10x_cl.s

EXTI3_IRQHandler 0000001A

Symbol: EXTI3_IRQHandler
   Definitions
      At line 295 in file startup_stm32f10x_cl.s
   Uses
      At line 88 in file startup_stm32f10x_cl.s
      At line 233 in file startup_stm32f10x_cl.s

EXTI4_IRQHandler 0000001A

Symbol: EXTI4_IRQHandler
   Definitions
      At line 296 in file startup_stm32f10x_cl.s
   Uses
      At line 89 in file startup_stm32f10x_cl.s
      At line 234 in file startup_stm32f10x_cl.s




ARM Macro Assembler    Page 6 Alphabetic symbol ordering
Relocatable symbols

EXTI9_5_IRQHandler 0000001A

Symbol: EXTI9_5_IRQHandler
   Definitions
      At line 309 in file startup_stm32f10x_cl.s
   Uses
      At line 102 in file startup_stm32f10x_cl.s
      At line 247 in file startup_stm32f10x_cl.s

FLASH_IRQHandler 0000001A

Symbol: FLASH_IRQHandler
   Definitions
      At line 290 in file startup_stm32f10x_cl.s
   Uses
      At line 83 in file startup_stm32f10x_cl.s
      At line 228 in file startup_stm32f10x_cl.s

HardFault_Handler 0000000A

Symbol: HardFault_Handler
   Definitions
      At line 185 in file startup_stm32f10x_cl.s
   Uses
      At line 64 in file startup_stm32f10x_cl.s
      At line 186 in file startup_stm32f10x_cl.s

I2C1_ER_IRQHandler 0000001A

Symbol: I2C1_ER_IRQHandler
   Definitions
      At line 318 in file startup_stm32f10x_cl.s
   Uses
      At line 111 in file startup_stm32f10x_cl.s
      At line 256 in file startup_stm32f10x_cl.s

I2C1_EV_IRQHandler 0000001A

Symbol: I2C1_EV_IRQHandler
   Definitions
      At line 317 in file startup_stm32f10x_cl.s
   Uses
      At line 110 in file startup_stm32f10x_cl.s
      At line 255 in file startup_stm32f10x_cl.s

I2C2_ER_IRQHandler 0000001A

Symbol: I2C2_ER_IRQHandler
   Definitions
      At line 320 in file startup_stm32f10x_cl.s
   Uses
      At line 113 in file startup_stm32f10x_cl.s
      At line 258 in file startup_stm32f10x_cl.s

I2C2_EV_IRQHandler 0000001A

Symbol: I2C2_EV_IRQHandler
   Definitions
      At line 319 in file startup_stm32f10x_cl.s



ARM Macro Assembler    Page 7 Alphabetic symbol ordering
Relocatable symbols

   Uses
      At line 112 in file startup_stm32f10x_cl.s
      At line 257 in file startup_stm32f10x_cl.s

MemManage_Handler 0000000C

Symbol: MemManage_Handler
   Definitions
      At line 190 in file startup_stm32f10x_cl.s
   Uses
      At line 65 in file startup_stm32f10x_cl.s
      At line 191 in file startup_stm32f10x_cl.s

NMI_Handler 00000008

Symbol: NMI_Handler
   Definitions
      At line 180 in file startup_stm32f10x_cl.s
   Uses
      At line 63 in file startup_stm32f10x_cl.s
      At line 181 in file startup_stm32f10x_cl.s

OTG_FS_IRQHandler 0000001A

Symbol: OTG_FS_IRQHandler
   Definitions
      At line 346 in file startup_stm32f10x_cl.s
   Uses
      At line 146 in file startup_stm32f10x_cl.s
      At line 284 in file startup_stm32f10x_cl.s

OTG_FS_WKUP_IRQHandler 0000001A

Symbol: OTG_FS_WKUP_IRQHandler
   Definitions
      At line 328 in file startup_stm32f10x_cl.s
   Uses
      At line 121 in file startup_stm32f10x_cl.s
      At line 266 in file startup_stm32f10x_cl.s

PVD_IRQHandler 0000001A

Symbol: PVD_IRQHandler
   Definitions
      At line 287 in file startup_stm32f10x_cl.s
   Uses
      At line 80 in file startup_stm32f10x_cl.s
      At line 225 in file startup_stm32f10x_cl.s

PendSV_Handler 00000016

Symbol: PendSV_Handler
   Definitions
      At line 213 in file startup_stm32f10x_cl.s
   Uses
      At line 75 in file startup_stm32f10x_cl.s
      At line 214 in file startup_stm32f10x_cl.s

RCC_IRQHandler 0000001A



ARM Macro Assembler    Page 8 Alphabetic symbol ordering
Relocatable symbols


Symbol: RCC_IRQHandler
   Definitions
      At line 291 in file startup_stm32f10x_cl.s
   Uses
      At line 84 in file startup_stm32f10x_cl.s
      At line 229 in file startup_stm32f10x_cl.s

RTCAlarm_IRQHandler 0000001A

Symbol: RTCAlarm_IRQHandler
   Definitions
      At line 327 in file startup_stm32f10x_cl.s
   Uses
      At line 120 in file startup_stm32f10x_cl.s
      At line 265 in file startup_stm32f10x_cl.s

RTC_IRQHandler 0000001A

Symbol: RTC_IRQHandler
   Definitions
      At line 289 in file startup_stm32f10x_cl.s
   Uses
      At line 82 in file startup_stm32f10x_cl.s
      At line 227 in file startup_stm32f10x_cl.s

Reset_Handler 00000000

Symbol: Reset_Handler
   Definitions
      At line 168 in file startup_stm32f10x_cl.s
   Uses
      At line 62 in file startup_stm32f10x_cl.s
      At line 169 in file startup_stm32f10x_cl.s

SPI1_IRQHandler 0000001A

Symbol: SPI1_IRQHandler
   Definitions
      At line 321 in file startup_stm32f10x_cl.s
   Uses
      At line 114 in file startup_stm32f10x_cl.s
      At line 259 in file startup_stm32f10x_cl.s

SPI2_IRQHandler 0000001A

Symbol: SPI2_IRQHandler
   Definitions
      At line 322 in file startup_stm32f10x_cl.s
   Uses
      At line 115 in file startup_stm32f10x_cl.s
      At line 260 in file startup_stm32f10x_cl.s

SPI3_IRQHandler 0000001A

Symbol: SPI3_IRQHandler
   Definitions
      At line 330 in file startup_stm32f10x_cl.s
   Uses



ARM Macro Assembler    Page 9 Alphabetic symbol ordering
Relocatable symbols

      At line 130 in file startup_stm32f10x_cl.s
      At line 268 in file startup_stm32f10x_cl.s

SVC_Handler 00000012

Symbol: SVC_Handler
   Definitions
      At line 204 in file startup_stm32f10x_cl.s
   Uses
      At line 72 in file startup_stm32f10x_cl.s
      At line 205 in file startup_stm32f10x_cl.s

SysTick_Handler 00000018

Symbol: SysTick_Handler
   Definitions
      At line 217 in file startup_stm32f10x_cl.s
   Uses
      At line 76 in file startup_stm32f10x_cl.s
      At line 218 in file startup_stm32f10x_cl.s

TAMPER_IRQHandler 0000001A

Symbol: TAMPER_IRQHandler
   Definitions
      At line 288 in file startup_stm32f10x_cl.s
   Uses
      At line 81 in file startup_stm32f10x_cl.s
      At line 226 in file startup_stm32f10x_cl.s

TIM1_BRK_IRQHandler 0000001A

Symbol: TIM1_BRK_IRQHandler
   Definitions
      At line 310 in file startup_stm32f10x_cl.s
   Uses
      At line 103 in file startup_stm32f10x_cl.s
      At line 248 in file startup_stm32f10x_cl.s

TIM1_CC_IRQHandler 0000001A

Symbol: TIM1_CC_IRQHandler
   Definitions
      At line 313 in file startup_stm32f10x_cl.s
   Uses
      At line 106 in file startup_stm32f10x_cl.s
      At line 251 in file startup_stm32f10x_cl.s

TIM1_TRG_COM_IRQHandler 0000001A

Symbol: TIM1_TRG_COM_IRQHandler
   Definitions
      At line 312 in file startup_stm32f10x_cl.s
   Uses
      At line 105 in file startup_stm32f10x_cl.s
      At line 250 in file startup_stm32f10x_cl.s

TIM1_UP_IRQHandler 0000001A




ARM Macro Assembler    Page 10 Alphabetic symbol ordering
Relocatable symbols

Symbol: TIM1_UP_IRQHandler
   Definitions
      At line 311 in file startup_stm32f10x_cl.s
   Uses
      At line 104 in file startup_stm32f10x_cl.s
      At line 249 in file startup_stm32f10x_cl.s

TIM2_IRQHandler 0000001A

Symbol: TIM2_IRQHandler
   Definitions
      At line 314 in file startup_stm32f10x_cl.s
   Uses
      At line 107 in file startup_stm32f10x_cl.s
      At line 252 in file startup_stm32f10x_cl.s

TIM3_IRQHandler 0000001A

Symbol: TIM3_IRQHandler
   Definitions
      At line 315 in file startup_stm32f10x_cl.s
   Uses
      At line 108 in file startup_stm32f10x_cl.s
      At line 253 in file startup_stm32f10x_cl.s

TIM4_IRQHandler 0000001A

Symbol: TIM4_IRQHandler
   Definitions
      At line 316 in file startup_stm32f10x_cl.s
   Uses
      At line 109 in file startup_stm32f10x_cl.s
      At line 254 in file startup_stm32f10x_cl.s

TIM5_IRQHandler 0000001A

Symbol: TIM5_IRQHandler
   Definitions
      At line 329 in file startup_stm32f10x_cl.s
   Uses
      At line 129 in file startup_stm32f10x_cl.s
      At line 267 in file startup_stm32f10x_cl.s

TIM6_IRQHandler 0000001A

Symbol: TIM6_IRQHandler
   Definitions
      At line 333 in file startup_stm32f10x_cl.s
   Uses
      At line 133 in file startup_stm32f10x_cl.s
      At line 271 in file startup_stm32f10x_cl.s

TIM7_IRQHandler 0000001A

Symbol: TIM7_IRQHandler
   Definitions
      At line 334 in file startup_stm32f10x_cl.s
   Uses
      At line 134 in file startup_stm32f10x_cl.s



ARM Macro Assembler    Page 11 Alphabetic symbol ordering
Relocatable symbols

      At line 272 in file startup_stm32f10x_cl.s

UART4_IRQHandler 0000001A

Symbol: UART4_IRQHandler
   Definitions
      At line 331 in file startup_stm32f10x_cl.s
   Uses
      At line 131 in file startup_stm32f10x_cl.s
      At line 269 in file startup_stm32f10x_cl.s

UART5_IRQHandler 0000001A

Symbol: UART5_IRQHandler
   Definitions
      At line 332 in file startup_stm32f10x_cl.s
   Uses
      At line 132 in file startup_stm32f10x_cl.s
      At line 270 in file startup_stm32f10x_cl.s

USART1_IRQHandler 0000001A

Symbol: USART1_IRQHandler
   Definitions
      At line 323 in file startup_stm32f10x_cl.s
   Uses
      At line 116 in file startup_stm32f10x_cl.s
      At line 261 in file startup_stm32f10x_cl.s

USART2_IRQHandler 0000001A

Symbol: USART2_IRQHandler
   Definitions
      At line 324 in file startup_stm32f10x_cl.s
   Uses
      At line 117 in file startup_stm32f10x_cl.s
      At line 262 in file startup_stm32f10x_cl.s

USART3_IRQHandler 0000001A

Symbol: USART3_IRQHandler
   Definitions
      At line 325 in file startup_stm32f10x_cl.s
   Uses
      At line 118 in file startup_stm32f10x_cl.s
      At line 263 in file startup_stm32f10x_cl.s

UsageFault_Handler 00000010

Symbol: UsageFault_Handler
   Definitions
      At line 200 in file startup_stm32f10x_cl.s
   Uses
      At line 67 in file startup_stm32f10x_cl.s
      At line 201 in file startup_stm32f10x_cl.s

WWDG_IRQHandler 0000001A

Symbol: WWDG_IRQHandler



ARM Macro Assembler    Page 12 Alphabetic symbol ordering
Relocatable symbols

   Definitions
      At line 286 in file startup_stm32f10x_cl.s
   Uses
      At line 79 in file startup_stm32f10x_cl.s
      At line 224 in file startup_stm32f10x_cl.s

__user_initial_stackheap 0000001C

Symbol: __user_initial_stackheap
   Definitions
      At line 368 in file startup_stm32f10x_cl.s
   Uses
      At line 366 in file startup_stm32f10x_cl.s
Comment: __user_initial_stackheap used once
74 symbols



ARM Macro Assembler    Page 1 Alphabetic symbol ordering
Absolute symbols

Heap_Size 00000200

Symbol: Heap_Size
   Definitions
      At line 44 in file startup_stm32f10x_cl.s
   Uses
      At line 48 in file startup_stm32f10x_cl.s
      At line 372 in file startup_stm32f10x_cl.s

Stack_Size 00000400

Symbol: Stack_Size
   Definitions
      At line 33 in file startup_stm32f10x_cl.s
   Uses
      At line 36 in file startup_stm32f10x_cl.s
      At line 371 in file startup_stm32f10x_cl.s

__Vectors_Size 00000180

Symbol: __Vectors_Size
   Definitions
      At line 163 in file startup_stm32f10x_cl.s
   Uses
      At line 59 in file startup_stm32f10x_cl.s
Comment: __Vectors_Size used once
3 symbols



ARM Macro Assembler    Page 1 Alphabetic symbol ordering
External symbols

SystemInit 00000000

Symbol: SystemInit
   Definitions
      At line 170 in file startup_stm32f10x_cl.s
   Uses
      At line 172 in file startup_stm32f10x_cl.s
Comment: SystemInit used once
__main 00000000

Symbol: __main
   Definitions
      At line 171 in file startup_stm32f10x_cl.s
   Uses
      At line 174 in file startup_stm32f10x_cl.s
Comment: __main used once
__use_two_region_memory 00000000

Symbol: __use_two_region_memory
   Definitions
      At line 365 in file startup_stm32f10x_cl.s
   Uses
      None
Comment: __use_two_region_memory unused
3 symbols
425 symbols in table
